warning: source 'include/' is not a readable file or directory... skipping.
warning: source 'docs/images/' is not a readable file or directory... skipping.
/Users/yunjinqi/Documents/source_code/pyfolio_cpp/docs/DOCUMENTATION_REPORT.md:302: warning: reached end of comment while inside a \code block; check for missing \endcode tag!
/Users/yunjinqi/Documents/source_code/pyfolio_cpp/docs/DOCUMENTATION_REPORT.md:102: warning: the name '/strong' supplied as the argument in the \file statement is not an input file
/Users/yunjinqi/Documents/source_code/pyfolio_cpp/docs/API_REFERENCE.md:7: warning: unable to resolve reference to 'core-components' for \ref command
/Users/yunjinqi/Documents/source_code/pyfolio_cpp/docs/API_REFERENCE.md:8: warning: unable to resolve reference to 'performance-analysis' for \ref command
/Users/yunjinqi/Documents/source_code/pyfolio_cpp/docs/API_REFERENCE.md:9: warning: unable to resolve reference to 'risk-management' for \ref command
/Users/yunjinqi/Documents/source_code/pyfolio_cpp/docs/API_REFERENCE.md:10: warning: unable to resolve reference to 'portfolio-attribution' for \ref command
/Users/yunjinqi/Documents/source_code/pyfolio_cpp/docs/API_REFERENCE.md:11: warning: unable to resolve reference to 'data-structures' for \ref command
/Users/yunjinqi/Documents/source_code/pyfolio_cpp/docs/API_REFERENCE.md:12: warning: unable to resolve reference to 'utilities' for \ref command
/Users/yunjinqi/Documents/source_code/pyfolio_cpp/docs/API_REFERENCE.md:13: warning: unable to resolve reference to 'examples' for \ref command
/Users/yunjinqi/Documents/source_code/pyfolio_cpp/docs/API_REFERENCE.md:7: warning: unable to resolve reference to 'core-components' for \ref command
/Users/yunjinqi/Documents/source_code/pyfolio_cpp/docs/API_REFERENCE.md:8: warning: unable to resolve reference to 'performance-analysis' for \ref command
/Users/yunjinqi/Documents/source_code/pyfolio_cpp/docs/API_REFERENCE.md:9: warning: unable to resolve reference to 'risk-management' for \ref command
/Users/yunjinqi/Documents/source_code/pyfolio_cpp/docs/API_REFERENCE.md:10: warning: unable to resolve reference to 'portfolio-attribution' for \ref command
/Users/yunjinqi/Documents/source_code/pyfolio_cpp/docs/API_REFERENCE.md:11: warning: unable to resolve reference to 'data-structures' for \ref command
/Users/yunjinqi/Documents/source_code/pyfolio_cpp/docs/API_REFERENCE.md:12: warning: unable to resolve reference to 'utilities' for \ref command
/Users/yunjinqi/Documents/source_code/pyfolio_cpp/docs/API_REFERENCE.md:13: warning: unable to resolve reference to 'examples' for \ref command
/Users/yunjinqi/Documents/source_code/pyfolio_cpp/docs/DOCUMENTATION_REPORT.md:103: warning: end of comment block while expecting command </strong> (Probable start '/Users/yunjinqi/Documents/source_code/pyfolio_cpp/docs/DOCUMENTATION_REPORT.md' at line 102)
/Users/yunjinqi/Documents/source_code/pyfolio_cpp/docs/DOCUMENTATION_REPORT.md:103: warning: end of comment block while expecting command </strong> (Probable start '/Users/yunjinqi/Documents/source_code/pyfolio_cpp/docs/DOCUMENTATION_REPORT.md' at line 102)
/Users/yunjinqi/Documents/source_code/pyfolio_cpp/docs/GETTING_STARTED.md:7: warning: unable to resolve reference to 'installation' for \ref command
/Users/yunjinqi/Documents/source_code/pyfolio_cpp/docs/GETTING_STARTED.md:8: warning: unable to resolve reference to 'basic-usage' for \ref command
/Users/yunjinqi/Documents/source_code/pyfolio_cpp/docs/GETTING_STARTED.md:9: warning: unable to resolve reference to 'core-concepts' for \ref command
/Users/yunjinqi/Documents/source_code/pyfolio_cpp/docs/GETTING_STARTED.md:10: warning: unable to resolve reference to 'performance-tips' for \ref command
/Users/yunjinqi/Documents/source_code/pyfolio_cpp/docs/GETTING_STARTED.md:11: warning: unable to resolve reference to 'common-patterns' for \ref command
/Users/yunjinqi/Documents/source_code/pyfolio_cpp/docs/GETTING_STARTED.md:12: warning: unable to resolve reference to 'troubleshooting' for \ref command
/Users/yunjinqi/Documents/source_code/pyfolio_cpp/docs/GETTING_STARTED.md:7: warning: unable to resolve reference to 'installation' for \ref command
/Users/yunjinqi/Documents/source_code/pyfolio_cpp/docs/GETTING_STARTED.md:8: warning: unable to resolve reference to 'basic-usage' for \ref command
/Users/yunjinqi/Documents/source_code/pyfolio_cpp/docs/GETTING_STARTED.md:9: warning: unable to resolve reference to 'core-concepts' for \ref command
/Users/yunjinqi/Documents/source_code/pyfolio_cpp/docs/GETTING_STARTED.md:10: warning: unable to resolve reference to 'performance-tips' for \ref command
/Users/yunjinqi/Documents/source_code/pyfolio_cpp/docs/GETTING_STARTED.md:11: warning: unable to resolve reference to 'common-patterns' for \ref command
/Users/yunjinqi/Documents/source_code/pyfolio_cpp/docs/GETTING_STARTED.md:12: warning: unable to resolve reference to 'troubleshooting' for \ref command
/Users/yunjinqi/Documents/source_code/pyfolio_cpp/include/pyfolio/utils/intraday.h:64: warning: argument 'estimate' of command @param is not found in the argument list of pyfolio::intraday::IntradayAnalyzer::check_and_process_intraday(const IntradayDetectionResult &detection, const TimeSeries< Return > &returns, const PositionSeries &positions, const TransactionSeries &transactions)
/Users/yunjinqi/Documents/source_code/pyfolio_cpp/include/pyfolio/utils/intraday.h:64: warning: The following parameter of pyfolio::intraday::IntradayAnalyzer::check_and_process_intraday(const IntradayDetectionResult &detection, const TimeSeries< Return > &returns, const PositionSeries &positions, const TransactionSeries &transactions) is not documented:
  parameter 'detection'
index:100: warning: unable to resolve reference to 'pyfolio::core' for \ref command
/Users/yunjinqi/Documents/source_code/pyfolio_cpp/docs/mainpage.md:67: warning: unable to resolve reference to 'pyfolio::regime' for \ref command
/Users/yunjinqi/Documents/source_code/pyfolio_cpp/docs/mainpage.md:100: warning: unable to resolve reference to 'pyfolio::core' for \ref command
/Users/yunjinqi/Documents/source_code/pyfolio_cpp/docs/mainpage.md:156: warning: unable to resolve reference to 'performance_example.cpp' for \ref command
/Users/yunjinqi/Documents/source_code/pyfolio_cpp/docs/mainpage.md:160: warning: unable to resolve reference to 'risk_example.cpp' for \ref command
/Users/yunjinqi/Documents/source_code/pyfolio_cpp/docs/mainpage.md:161: warning: unable to resolve reference to 'regime_example.cpp' for \ref command
/Users/yunjinqi/Documents/source_code/pyfolio_cpp/docs/mainpage.md:165: warning: unable to resolve reference to 'real_time_example.cpp' for \ref command
/Users/yunjinqi/Documents/source_code/pyfolio_cpp/docs/mainpage.md:248: warning: unable to resolve reference to 'CONTRIBUTING.md' for \ref command
/Users/yunjinqi/Documents/source_code/pyfolio_cpp/docs/mainpage.md:67: warning: unable to resolve reference to 'pyfolio::regime' for \ref command
/Users/yunjinqi/Documents/source_code/pyfolio_cpp/docs/mainpage.md:100: warning: unable to resolve reference to 'pyfolio::core' for \ref command
/Users/yunjinqi/Documents/source_code/pyfolio_cpp/docs/mainpage.md:156: warning: unable to resolve reference to 'performance_example.cpp' for \ref command
/Users/yunjinqi/Documents/source_code/pyfolio_cpp/docs/mainpage.md:160: warning: unable to resolve reference to 'risk_example.cpp' for \ref command
/Users/yunjinqi/Documents/source_code/pyfolio_cpp/docs/mainpage.md:161: warning: unable to resolve reference to 'regime_example.cpp' for \ref command
/Users/yunjinqi/Documents/source_code/pyfolio_cpp/docs/mainpage.md:165: warning: unable to resolve reference to 'real_time_example.cpp' for \ref command
/Users/yunjinqi/Documents/source_code/pyfolio_cpp/docs/mainpage.md:248: warning: unable to resolve reference to 'CONTRIBUTING.md' for \ref command
/Users/yunjinqi/Documents/source_code/pyfolio_cpp/docs/mainpage.md:67: warning: unable to resolve reference to 'pyfolio::regime' for \ref command
/Users/yunjinqi/Documents/source_code/pyfolio_cpp/docs/mainpage.md:100: warning: unable to resolve reference to 'pyfolio::core' for \ref command
/Users/yunjinqi/Documents/source_code/pyfolio_cpp/docs/mainpage.md:156: warning: unable to resolve reference to 'performance_example.cpp' for \ref command
/Users/yunjinqi/Documents/source_code/pyfolio_cpp/docs/mainpage.md:160: warning: unable to resolve reference to 'risk_example.cpp' for \ref command
/Users/yunjinqi/Documents/source_code/pyfolio_cpp/docs/mainpage.md:161: warning: unable to resolve reference to 'regime_example.cpp' for \ref command
/Users/yunjinqi/Documents/source_code/pyfolio_cpp/docs/mainpage.md:165: warning: unable to resolve reference to 'real_time_example.cpp' for \ref command
/Users/yunjinqi/Documents/source_code/pyfolio_cpp/docs/mainpage.md:248: warning: unable to resolve reference to 'CONTRIBUTING.md' for \ref command
/Users/yunjinqi/Documents/source_code/pyfolio_cpp/include/pyfolio/utils/intraday.h:64: warning: argument 'estimate' of command @param is not found in the argument list of pyfolio::intraday::IntradayAnalyzer::check_and_process_intraday(const IntradayDetectionResult &detection, const TimeSeries< Return > &returns, const PositionSeries &positions, const TransactionSeries &transactions)
/Users/yunjinqi/Documents/source_code/pyfolio_cpp/include/pyfolio/utils/intraday.h:64: warning: The following parameter of pyfolio::intraday::IntradayAnalyzer::check_and_process_intraday(const IntradayDetectionResult &detection, const TimeSeries< Return > &returns, const PositionSeries &positions, const TransactionSeries &transactions) is not documented:
  parameter 'detection'
/Users/yunjinqi/Documents/source_code/pyfolio_cpp/docs/API_REFERENCE.md:7: warning: unable to resolve reference to 'core-components' for \ref command
/Users/yunjinqi/Documents/source_code/pyfolio_cpp/docs/API_REFERENCE.md:8: warning: unable to resolve reference to 'performance-analysis' for \ref command
/Users/yunjinqi/Documents/source_code/pyfolio_cpp/docs/API_REFERENCE.md:9: warning: unable to resolve reference to 'risk-management' for \ref command
/Users/yunjinqi/Documents/source_code/pyfolio_cpp/docs/API_REFERENCE.md:10: warning: unable to resolve reference to 'portfolio-attribution' for \ref command
/Users/yunjinqi/Documents/source_code/pyfolio_cpp/docs/API_REFERENCE.md:11: warning: unable to resolve reference to 'data-structures' for \ref command
/Users/yunjinqi/Documents/source_code/pyfolio_cpp/docs/API_REFERENCE.md:12: warning: unable to resolve reference to 'utilities' for \ref command
/Users/yunjinqi/Documents/source_code/pyfolio_cpp/docs/API_REFERENCE.md:13: warning: unable to resolve reference to 'examples' for \ref command
/Users/yunjinqi/Documents/source_code/pyfolio_cpp/docs/DOCUMENTATION_REPORT.md:103: warning: end of comment block while expecting command </strong> (Probable start '/Users/yunjinqi/Documents/source_code/pyfolio_cpp/docs/DOCUMENTATION_REPORT.md' at line 102)
/Users/yunjinqi/Documents/source_code/pyfolio_cpp/docs/GETTING_STARTED.md:7: warning: unable to resolve reference to 'installation' for \ref command
/Users/yunjinqi/Documents/source_code/pyfolio_cpp/docs/GETTING_STARTED.md:8: warning: unable to resolve reference to 'basic-usage' for \ref command
/Users/yunjinqi/Documents/source_code/pyfolio_cpp/docs/GETTING_STARTED.md:9: warning: unable to resolve reference to 'core-concepts' for \ref command
/Users/yunjinqi/Documents/source_code/pyfolio_cpp/docs/GETTING_STARTED.md:10: warning: unable to resolve reference to 'performance-tips' for \ref command
/Users/yunjinqi/Documents/source_code/pyfolio_cpp/docs/GETTING_STARTED.md:11: warning: unable to resolve reference to 'common-patterns' for \ref command
/Users/yunjinqi/Documents/source_code/pyfolio_cpp/docs/GETTING_STARTED.md:12: warning: unable to resolve reference to 'troubleshooting' for \ref command
/Users/yunjinqi/Documents/source_code/pyfolio_cpp/docs/mainpage.md:67: warning: unable to resolve reference to 'pyfolio::regime' for \ref command
/Users/yunjinqi/Documents/source_code/pyfolio_cpp/docs/mainpage.md:100: warning: unable to resolve reference to 'pyfolio::core' for \ref command
/Users/yunjinqi/Documents/source_code/pyfolio_cpp/docs/mainpage.md:156: warning: unable to resolve reference to 'performance_example.cpp' for \ref command
/Users/yunjinqi/Documents/source_code/pyfolio_cpp/docs/mainpage.md:160: warning: unable to resolve reference to 'risk_example.cpp' for \ref command
/Users/yunjinqi/Documents/source_code/pyfolio_cpp/docs/mainpage.md:161: warning: unable to resolve reference to 'regime_example.cpp' for \ref command
/Users/yunjinqi/Documents/source_code/pyfolio_cpp/docs/mainpage.md:165: warning: unable to resolve reference to 'real_time_example.cpp' for \ref command
/Users/yunjinqi/Documents/source_code/pyfolio_cpp/docs/mainpage.md:248: warning: unable to resolve reference to 'CONTRIBUTING.md' for \ref command
